<?xml version="1.0" encoding="UTF-8"?>
<!-- Generated by org.testng.reporters.JUnitReportReporter -->
<testsuite hostname="DESKTOP-QH1O5H5" failures="0" tests="1" name="com.practice.HepsiburadaCase.TestExampleClass" time="8.403" errors="0" timestamp="2021-06-19T00:48:42 TRT" skipped="0">
  <testcase classname="com.practice.HepsiburadaCase.TestExampleClass" name="HepsiburadaCase" time="8.403"/>
  <system-out/>
</testsuite> <!-- com.practice.HepsiburadaCase.TestExampleClass -->
